# JRE version: Java(TM) SE Runtime Environment (8.0_66-b17) (build 1.8.0_66-b17)
# Java VM: Java HotSpot(TM) 64-Bit Server VM (25.66-b17 mixed mode windows-amd64 compressed oops)
Heap:
 PSYoungGen      total 169472K, used 169462K [0x00000000eab00000, 0x00000000f6b00000, 0x0000000100000000)
  eden space 155136K, 100% used [0x00000000eab00000,0x00000000f4280000,0x00000000f4280000)
  from space 14336K, 99% used [0x00000000f5600000,0x00000000f63fdbb8,0x00000000f6400000)
  to   space 19968K, 64% used [0x00000000f4280000,0x00000000f4f24c88,0x00000000f5600000)
 ParOldGen       total 154112K, used 59670K [0x00000000c0000000, 0x00000000c9680000, 0x00000000eab00000)
  object space 154112K, 38% used [0x00000000c0000000,0x00000000c3a459b8,0x00000000c9680000)
 Metaspace       used 73783K, capacity 79116K, committed 80000K, reserved 1118208K
  class space    used 9364K, capacity 10115K, committed 10368K, reserved 1048576K
GC Heap History (10 events):
Event: 4330.237 GC heap after
Heap after GC invocations=63 (full 17):
 PSYoungGen      total 175616K, used 1168K [0x00000000eab00000, 0x00000000f6600000, 0x0000000100000000)
  eden space 160768K, 0% used [0x00000000eab00000,0x00000000eab00000,0x00000000f4800000)
  from space 14848K, 7% used [0x00000000f5780000,0x00000000f58a4010,0x00000000f6600000)
  to   space 15360K, 0% used [0x00000000f4800000,0x00000000f4800000,0x00000000f5700000)
 ParOldGen       total 154112K, used 46603K [0x00000000c0000000, 0x00000000c9680000, 0x00000000eab00000)
  object space 154112K, 30% used [0x00000000c0000000,0x00000000c2d82ec0,0x00000000c9680000)
 Metaspace       used 73342K, capacity 78330K, committed 79488K, reserved 1118208K
  class space    used 9320K, capacity 10064K, committed 10368K, reserved 1048576K
}
Event: 4330.237 GC heap before
{Heap before GC invocations=64 (full 18):
 PSYoungGen      total 175616K, used 1168K [0x00000000eab00000, 0x00000000f6600000, 0x0000000100000000)
  eden space 160768K, 0% used [0x00000000eab00000,0x00000000eab00000,0x00000000f4800000)
  from space 14848K, 7% used [0x00000000f5780000,0x00000000f58a4010,0x00000000f6600000)
  to   space 15360K, 0% used [0x00000000f4800000,0x00000000f4800000,0x00000000f5700000)
 ParOldGen       total 154112K, used 46603K [0x00000000c0000000, 0x00000000c9680000, 0x00000000eab00000)
  object space 154112K, 30% used [0x00000000c0000000,0x00000000c2d82ec0,0x00000000c9680000)
 Metaspace       used 73342K, capacity 78330K, committed 79488K, reserved 1118208K
  class space    used 9320K, capacity 10064K, committed 10368K, reserved 1048576K
Event: 4330.395 GC heap after
Heap after GC invocations=64 (full 18):
 PSYoungGen      total 175616K, used 0K [0x00000000eab00000, 0x00000000f6600000, 0x0000000100000000)
  eden space 160768K, 0% used [0x00000000eab00000,0x00000000eab00000,0x00000000f4800000)
  from space 14848K, 0% used [0x00000000f5780000,0x00000000f5780000,0x00000000f6600000)
  to   space 15360K, 0% used [0x00000000f4800000,0x00000000f4800000,0x00000000f5700000)
 ParOldGen       total 154112K, used 47128K [0x00000000c0000000, 0x00000000c9680000, 0x00000000eab00000)
  object space 154112K, 30% used [0x00000000c0000000,0x00000000c2e06140,0x00000000c9680000)
 Metaspace       used 73316K, capacity 78242K, committed 79488K, reserved 1118208K
  class space    used 9312K, capacity 10056K, committed 10368K, reserved 1048576K
}
Event: 4535.602 GC heap before
{Heap before GC invocations=65 (full 18):
 PSYoungGen      total 175616K, used 144330K [0x00000000eab00000, 0x00000000f6600000, 0x0000000100000000)
  eden space 160768K, 89% used [0x00000000eab00000,0x00000000f37f28b8,0x00000000f4800000)
  from space 14848K, 0% used [0x00000000f5780000,0x00000000f5780000,0x00000000f6600000)
  to   space 15360K, 0% used [0x00000000f4800000,0x00000000f4800000,0x00000000f5700000)
 ParOldGen       total 154112K, used 47128K [0x00000000c0000000, 0x00000000c9680000, 0x00000000eab00000)
  object space 154112K, 30% used [0x00000000c0000000,0x00000000c2e06140,0x00000000c9680000)
 Metaspace       used 73475K, capacity 78610K, committed 79744K, reserved 1118208K
  class space    used 9330K, capacity 10072K, committed 10368K, reserved 1048576K
Event: 4535.627 GC heap after
Heap after GC invocations=65 (full 18):
 PSYoungGen      total 166400K, used 5223K [0x00000000eab00000, 0x00000000f6400000, 0x0000000100000000)
  eden space 160768K, 0% used [0x00000000eab00000,0x00000000eab00000,0x00000000f4800000)
  from space 5632K, 92% used [0x00000000f4800000,0x00000000f4d19e50,0x00000000f4d80000)
  to   space 14336K, 0% used [0x00000000f5600000,0x00000000f5600000,0x00000000f6400000)
 ParOldGen       total 154112K, used 47136K [0x00000000c0000000, 0x00000000c9680000, 0x00000000eab00000)
  object space 154112K, 30% used [0x00000000c0000000,0x00000000c2e08140,0x00000000c9680000)
 Metaspace       used 73475K, capacity 78610K, committed 79744K, reserved 1118208K
  class space    used 9330K, capacity 10072K, committed 10368K, reserved 1048576K
}
Event: 4535.627 GC heap before
{Heap before GC invocations=66 (full 19):
 PSYoungGen      total 166400K, used 5223K [0x00000000eab00000, 0x00000000f6400000, 0x0000000100000000)
  eden space 160768K, 0% used [0x00000000eab00000,0x00000000eab00000,0x00000000f4800000)
  from space 5632K, 92% used [0x00000000f4800000,0x00000000f4d19e50,0x00000000f4d80000)
  to   space 14336K, 0% used [0x00000000f5600000,0x00000000f5600000,0x00000000f6400000)
 ParOldGen       total 154112K, used 47136K [0x00000000c0000000, 0x00000000c9680000, 0x00000000eab00000)
  object space 154112K, 30% used [0x00000000c0000000,0x00000000c2e08140,0x00000000c9680000)
 Metaspace       used 73475K, capacity 78610K, committed 79744K, reserved 1118208K
  class space    used 9330K, capacity 10072K, committed 10368K, reserved 1048576K
Event: 4535.909 GC heap after
Heap after GC invocations=66 (full 19):
 PSYoungGen      total 166400K, used 0K [0x00000000eab00000, 0x00000000f6400000, 0x0000000100000000)
  eden space 160768K, 0% used [0x00000000eab00000,0x00000000eab00000,0x00000000f4800000)
  from space 5632K, 0% used [0x00000000f4800000,0x00000000f4800000,0x00000000f4d80000)
  to   space 14336K, 0% used [0x00000000f5600000,0x00000000f5600000,0x00000000f6400000)
 ParOldGen       total 154112K, used 51315K [0x00000000c0000000, 0x00000000c9680000, 0x00000000eab00000)
  object space 154112K, 33% used [0x00000000c0000000,0x00000000c321cd38,0x00000000c9680000)
 Metaspace       used 73448K, capacity 78522K, committed 79744K, reserved 1118208K
  class space    used 9322K, capacity 10064K, committed 10368K, reserved 1048576K
}
Event: 4594.606 GC heap before
{Heap before GC invocations=67 (full 19):
 PSYoungGen      total 166400K, used 160768K [0x00000000eab00000, 0x00000000f6400000, 0x0000000100000000)
  eden space 160768K, 100% used [0x00000000eab00000,0x00000000f4800000,0x00000000f4800000)
  from space 5632K, 0% used [0x00000000f4800000,0x00000000f4800000,0x00000000f4d80000)
  to   space 14336K, 0% used [0x00000000f5600000,0x00000000f5600000,0x00000000f6400000)
 ParOldGen       total 154112K, used 51315K [0x00000000c0000000, 0x00000000c9680000, 0x00000000eab00000)
  object space 154112K, 33% used [0x00000000c0000000,0x00000000c321cd38,0x00000000c9680000)
 Metaspace       used 73655K, capacity 78806K, committed 79744K, reserved 1118208K
  class space    used 9348K, capacity 10098K, committed 10368K, reserved 1048576K
Event: 4594.637 GC heap after
Heap after GC invocations=67 (full 19):
 PSYoungGen      total 169472K, used 14326K [0x00000000eab00000, 0x00000000f6b00000, 0x0000000100000000)
  eden space 155136K, 0% used [0x00000000eab00000,0x00000000eab00000,0x00000000f4280000)
  from space 14336K, 99% used [0x00000000f5600000,0x00000000f63fdbb8,0x00000000f6400000)
  to   space 19968K, 0% used [0x00000000f4280000,0x00000000f4280000,0x00000000f5600000)
 ParOldGen       total 154112K, used 59662K [0x00000000c0000000, 0x00000000c9680000, 0x00000000eab00000)
  object space 154112K, 38% used [0x00000000c0000000,0x00000000c3a439b8,0x00000000c9680000)
 Metaspace       used 73655K, capacity 78806K, committed 79744K, reserved 1118208K
  class space    used 9348K, capacity 10098K, committed 10368K, reserved 1048576K
}
Event: 4697.459 GC heap before
{Heap before GC invocations=68 (full 19):
 PSYoungGen      total 169472K, used 169462K [0x00000000eab00000, 0x00000000f6b00000, 0x0000000100000000)
  eden space 155136K, 100% used [0x00000000eab00000,0x00000000f4280000,0x00000000f4280000)
  from space 14336K, 99% used [0x00000000f5600000,0x00000000f63fdbb8,0x00000000f6400000)
  to   space 19968K, 0% used [0x00000000f4280000,0x00000000f4280000,0x00000000f5600000)
 ParOldGen       total 154112K, used 59662K [0x00000000c0000000, 0x00000000c9680000, 0x00000000eab00000)
  object space 154112K, 38% used [0x00000000c0000000,0x00000000c3a439b8,0x00000000c9680000)
 Metaspace       used 73783K, capacity 79116K, committed 80000K, reserved 1118208K
  class space    used 9364K, capacity 10115K, committed 10368K, reserved 1048576K

